Using pre-set license
Built from '2020.2/release' branch; Version is '2020.2.2f1 (068178b99f32) revision 426360'; Using compiler version '192528614'; Build Type 'Release'
OS: 'Windows 10 Home; OS build 19041.867; Version 2004; 64bit' Language: 'en' Physical Memory: 16226 MB
BatchMode: 1, IsHumanControllingUs: 0, StartBugReporterOnCrash: 0, Is64bit: 1, IsPro: 0

 COMMAND LINE ARGUMENTS:
C:\Program Files\Unity\Hub\Editor\2020.2.2f1\Editor\Unity.exe
-adb2
-batchMode
-noUpm
-name
AssetImportWorker0
-projectPath
C:/Users/verme/Desktop/NxT Media 20-21/Advanced 3D Development/Examenopdracht/3ddevvrexamhub/3DDevVRExam3.0/Examenopdracht
-logFile
Logs/AssetImportWorker0.log
-srvPort
51890
Successfully changed project path to: C:/Users/verme/Desktop/NxT Media 20-21/Advanced 3D Development/Examenopdracht/3ddevvrexamhub/3DDevVRExam3.0/Examenopdracht
C:/Users/verme/Desktop/NxT Media 20-21/Advanced 3D Development/Examenopdracht/3ddevvrexamhub/3DDevVRExam3.0/Examenopdracht
Using Asset Import Pipeline V2.
Refreshing native plugins compatible for Editor in 40.39 ms, found 0 plugins.
Preloading 0 native plugins for Editor in 0.00 ms.
Initialize engine version: 2020.2.2f1 (068178b99f32)
[Subsystems] Discovering subsystems at path C:/Program Files/Unity/Hub/Editor/2020.2.2f1/Editor/Data/Resources/UnitySubsystems
[Subsystems] Discovering subsystems at path C:/Users/verme/Desktop/NxT Media 20-21/Advanced 3D Development/Examenopdracht/3ddevvrexamhub/3DDevVRExam3.0/Examenopdracht/Assets
GfxDevice: creating device client; threaded=0
Direct3D:
    Version:  Direct3D 11.0 [level 11.1]
    Renderer: NVIDIA GeForce GTX 1650 (ID=0x1f91)
    Vendor:   
    VRAM:     3962 MB
    Driver:   27.21.14.6172
Initialize mono
Mono path[0] = 'C:/Program Files/Unity/Hub/Editor/2020.2.2f1/Editor/Data/Managed'
Mono path[1] = 'C:/Program Files/Unity/Hub/Editor/2020.2.2f1/Editor/Data/MonoBleedingEdge/lib/mono/unityjit'
Mono config path = 'C:/Program Files/Unity/Hub/Editor/2020.2.2f1/Editor/Data/MonoBleedingEdge/etc'
Using monoOptions --debugger-agent=transport=dt_socket,embedding=1,server=y,suspend=n,address=127.0.0.1:56880
Begin MonoManager ReloadAssembly
Registering precompiled unity dll's ...
Register platform support module: C:/Program Files/Unity/Hub/Editor/2020.2.2f1/Editor/Data/PlaybackEngines/WindowsStandaloneSupport/UnityEditor.WindowsStandalone.Extensions.dll
Registered in 0.001951 seconds.
Native extension for WindowsStandalone target not found
Refreshing native plugins compatible for Editor in 37.85 ms, found 0 plugins.
Preloading 0 native plugins for Editor in 0.00 ms.
Invoked RoslynAnalysisRunner static constructor.
RoslynAnalysisRunner will not be running.
RoslynAnalysisRunner has terminated.
Mono: successfully reloaded assembly
- Completed reload, in  1.928 seconds
Platform modules already initialized, skipping
Registering precompiled user dll's ...
Registered in 0.000881 seconds.
Begin MonoManager ReloadAssembly
Native extension for WindowsStandalone target not found
Refreshing native plugins compatible for Editor in 0.41 ms, found 0 plugins.
Preloading 0 native plugins for Editor in 0.00 ms.
Invoked RoslynAnalysisRunner static constructor.
RoslynAnalysisRunner will not be running.
RoslynAnalysisRunner has terminated.
Mono: successfully reloaded assembly
- Completed reload, in  1.297 seconds
Platform modules already initialized, skipping
========================================================================
Worker process is ready to serve import requests
Launched and connected shader compiler UnityShaderCompiler.exe after 0.09 seconds
Refreshing native plugins compatible for Editor in 0.57 ms, found 0 plugins.
Preloading 0 native plugins for Editor in 0.00 ms.
Unloading 1607 Unused Serialized files (Serialized files now loaded: 0)
System memory in use before: 86.5 MB.
System memory in use after: 86.2 MB.

Unloading 74 unused Assets to reduce memory usage. Loaded Objects now: 2048.
Total: 3.369800 ms (FindLiveObjects: 0.393400 ms CreateObjectMapping: 0.103800 ms MarkObjects: 2.214600 ms  DeleteObjects: 0.652800 ms)

========================================================================
Received Import Request.
  path: Assets/0001.jpg
  artifactKey: Guid(24d45289cf0bc444baf2c7cbb0cac7e1) Importer(815301076,1909f56bfc062723c751e8b465ee728b)
Start importing Assets/0001.jpg using Guid(24d45289cf0bc444baf2c7cbb0cac7e1) Importer(815301076,1909f56bfc062723c751e8b465ee728b)  -> (artifact id: '2ad09bdac08c98a4bae5cff3d4168fac') in 0.089636 seconds
  Import took 0.093230 seconds .

========================================================================
Received Import Request.
  Time since last request: 0.001458 seconds.
  path: Assets/0002.jpg
  artifactKey: Guid(cf47546042ec79f4294f7c749701f01f) Importer(815301076,1909f56bfc062723c751e8b465ee728b)
Start importing Assets/0002.jpg using Guid(cf47546042ec79f4294f7c749701f01f) Importer(815301076,1909f56bfc062723c751e8b465ee728b)  -> (artifact id: 'f1215398f6e26868e7b236cecf43a12b') in 0.026094 seconds
  Import took 0.031139 seconds .

========================================================================
Received Import Request.
  Time since last request: 6.257188 seconds.
  path: Assets/Game GUI Vol1
  artifactKey: Guid(aea3bf47d20bc664b9d31684a8ccd0eb) Importer(815301076,1909f56bfc062723c751e8b465ee728b)
Start importing Assets/Game GUI Vol1 using Guid(aea3bf47d20bc664b9d31684a8ccd0eb) Importer(815301076,1909f56bfc062723c751e8b465ee728b)  -> (artifact id: '9f876f74a3f082ba51d7091bee929bda') in 0.008825 seconds
  Import took 0.011591 seconds .

========================================================================
Received Import Request.
  Time since last request: 0.001258 seconds.
  path: Assets/Game GUI Vol1
  artifactKey: Guid(aea3bf47d20bc664b9d31684a8ccd0eb) Importer(815301076,1909f56bfc062723c751e8b465ee728b)
Start importing Assets/Game GUI Vol1 using Guid(aea3bf47d20bc664b9d31684a8ccd0eb) Importer(815301076,1909f56bfc062723c751e8b465ee728b)  -> (artifact id: '9f876f74a3f082ba51d7091bee929bda') in 0.003587 seconds
  Import took 0.006354 seconds .

========================================================================
Received Import Request.
  Time since last request: 10.608985 seconds.
  path: Assets/Game GUI (Buttons)
  artifactKey: Guid(aea3bf47d20bc664b9d31684a8ccd0eb) Importer(815301076,1909f56bfc062723c751e8b465ee728b)
Start importing Assets/Game GUI (Buttons) using Guid(aea3bf47d20bc664b9d31684a8ccd0eb) Importer(815301076,1909f56bfc062723c751e8b465ee728b)  -> (artifact id: '2ddaa921e66d99d1b2be9942e0516805') in 0.011543 seconds
  Import took 0.014067 seconds .

========================================================================
Received Prepare
Registering precompiled user dll's ...
Registered in 0.000763 seconds.
Begin MonoManager ReloadAssembly
Native extension for WindowsStandalone target not found
Refreshing native plugins compatible for Editor in 0.38 ms, found 0 plugins.
Preloading 0 native plugins for Editor in 0.00 ms.
Warning: Annotation not found!
UnityEngine.StackTraceUtility:ExtractStackTrace ()
UnityEditor.ProBuilder.EditorUtility:SetGizmoIconEnabled (System.Type,bool) (at Library/PackageCache/com.unity.probuilder@4.4.0/Editor/EditorCore/EditorUtility.cs:593)
UnityEditor.ProBuilder.HierarchyListener:.cctor () (at Library/PackageCache/com.unity.probuilder@4.4.0/Editor/EditorCore/HierarchyListener.cs:21)
System.Runtime.CompilerServices.RuntimeHelpers:RunClassConstructor (System.RuntimeTypeHandle)
UnityEditor.EditorAssemblies:ProcessInitializeOnLoadAttributes (System.Type[])

[Library/PackageCache/com.unity.probuilder@4.4.0/Editor/EditorCore/EditorUtility.cs line 593]

Invoked RoslynAnalysisRunner static constructor.
RoslynAnalysisRunner will not be running.
RoslynAnalysisRunner has terminated.
Mono: successfully reloaded assembly
- Completed reload, in  0.788 seconds
Platform modules already initialized, skipping
Refreshing native plugins compatible for Editor in 0.43 ms, found 0 plugins.
Preloading 0 native plugins for Editor in 0.00 ms.
Unloading 1583 Unused Serialized files (Serialized files now loaded: 0)
System memory in use before: 83.6 MB.
System memory in use after: 83.2 MB.

Unloading 9 unused Assets to reduce memory usage. Loaded Objects now: 2081.
Total: 2.662800 ms (FindLiveObjects: 0.346400 ms CreateObjectMapping: 0.062800 ms MarkObjects: 1.898800 ms  DeleteObjects: 0.353300 ms)

AssetImportWorkerClient::OnTransportError - code=2 error=End of file
