Using pre-set license
Built from '2020.2/release' branch; Version is '2020.2.2f1 (068178b99f32) revision 426360'; Using compiler version '192528614'; Build Type 'Release'
OS: 'Windows 10 Home; OS build 19041.804; Version 2004; 64bit' Language: 'en' Physical Memory: 16226 MB
BatchMode: 1, IsHumanControllingUs: 0, StartBugReporterOnCrash: 0, Is64bit: 1, IsPro: 0

 COMMAND LINE ARGUMENTS:
C:\Program Files\Unity\Hub\Editor\2020.2.2f1\Editor\Unity.exe
-adb2
-batchMode
-noUpm
-name
AssetImportWorker0
-projectPath
C:/Users/verme/Desktop/NxT Media 20-21/Advanced 3D Development/Examenopdracht/Examenopdracht
-logFile
Logs/AssetImportWorker0.log
-srvPort
56400
Successfully changed project path to: C:/Users/verme/Desktop/NxT Media 20-21/Advanced 3D Development/Examenopdracht/Examenopdracht
C:/Users/verme/Desktop/NxT Media 20-21/Advanced 3D Development/Examenopdracht/Examenopdracht
Using Asset Import Pipeline V2.
Refreshing native plugins compatible for Editor in 23.28 ms, found 0 plugins.
Preloading 0 native plugins for Editor in 0.00 ms.
Initialize engine version: 2020.2.2f1 (068178b99f32)
[Subsystems] Discovering subsystems at path C:/Program Files/Unity/Hub/Editor/2020.2.2f1/Editor/Data/Resources/UnitySubsystems
[Subsystems] Discovering subsystems at path C:/Users/verme/Desktop/NxT Media 20-21/Advanced 3D Development/Examenopdracht/Examenopdracht/Assets
GfxDevice: creating device client; threaded=0
Direct3D:
    Version:  Direct3D 11.0 [level 11.1]
    Renderer: NVIDIA GeForce GTX 1650 (ID=0x1f91)
    Vendor:   
    VRAM:     3962 MB
    Driver:   27.21.14.6172
Initialize mono
Mono path[0] = 'C:/Program Files/Unity/Hub/Editor/2020.2.2f1/Editor/Data/Managed'
Mono path[1] = 'C:/Program Files/Unity/Hub/Editor/2020.2.2f1/Editor/Data/MonoBleedingEdge/lib/mono/unityjit'
Mono config path = 'C:/Program Files/Unity/Hub/Editor/2020.2.2f1/Editor/Data/MonoBleedingEdge/etc'
Using monoOptions --debugger-agent=transport=dt_socket,embedding=1,server=y,suspend=n,address=127.0.0.1:56392
Begin MonoManager ReloadAssembly
Registering precompiled unity dll's ...
Register platform support module: C:/Program Files/Unity/Hub/Editor/2020.2.2f1/Editor/Data/PlaybackEngines/WindowsStandaloneSupport/UnityEditor.WindowsStandalone.Extensions.dll
Registered in 0.001946 seconds.
Native extension for WindowsStandalone target not found
Refreshing native plugins compatible for Editor in 25.06 ms, found 0 plugins.
Preloading 0 native plugins for Editor in 0.00 ms.
Invoked RoslynAnalysisRunner static constructor.
RoslynAnalysisRunner will not be running.
RoslynAnalysisRunner has terminated.
Mono: successfully reloaded assembly
- Completed reload, in  2.076 seconds
Platform modules already initialized, skipping
Registering precompiled user dll's ...
Registered in 0.000748 seconds.
Begin MonoManager ReloadAssembly
Native extension for WindowsStandalone target not found
Refreshing native plugins compatible for Editor in 0.18 ms, found 0 plugins.
Preloading 0 native plugins for Editor in 0.00 ms.
Invoked RoslynAnalysisRunner static constructor.
RoslynAnalysisRunner will not be running.
RoslynAnalysisRunner has terminated.
Mono: successfully reloaded assembly
- Completed reload, in  0.840 seconds
Platform modules already initialized, skipping
========================================================================
Worker process is ready to serve import requests
Launched and connected shader compiler UnityShaderCompiler.exe after 0.06 seconds
Refreshing native plugins compatible for Editor in 0.30 ms, found 0 plugins.
Preloading 0 native plugins for Editor in 0.00 ms.
Unloading 1099 Unused Serialized files (Serialized files now loaded: 0)
System memory in use before: 56.9 MB.
System memory in use after: 56.9 MB.

Unloading 10 unused Assets to reduce memory usage. Loaded Objects now: 1540.
Total: 2.904900 ms (FindLiveObjects: 0.239800 ms CreateObjectMapping: 0.067500 ms MarkObjects: 2.444200 ms  DeleteObjects: 0.151700 ms)

========================================================================
Received Import Request.
  path: Assets/Plan Campus Hoboken.pdf
  artifactKey: Guid(c2aad8699f21a6342baeabe4ac34876c) Importer(815301076,1909f56bfc062723c751e8b465ee728b)
Start importing Assets/Plan Campus Hoboken.pdf using Guid(c2aad8699f21a6342baeabe4ac34876c) Importer(815301076,1909f56bfc062723c751e8b465ee728b)  -> (artifact id: 'faf4e6b6acb6c3423f57ed4e3699f97c') in 0.042355 seconds
  Import took 0.044230 seconds .

========================================================================
Received Import Request.
  Time since last request: 62.338768 seconds.
  path: Assets/0001.jpg
  artifactKey: Guid(24d45289cf0bc444baf2c7cbb0cac7e1) Importer(815301076,1909f56bfc062723c751e8b465ee728b)
Start importing Assets/0001.jpg using Guid(24d45289cf0bc444baf2c7cbb0cac7e1) Importer(815301076,1909f56bfc062723c751e8b465ee728b)  -> (artifact id: 'd31d1ee7a0a00c66f8329147a6106c53') in 0.090591 seconds
  Import took 0.093643 seconds .

========================================================================
Received Import Request.
  Time since last request: 5.193693 seconds.
  path: Assets/Scenes
  artifactKey: Guid(c3a4cb716499ef843a9180a6674de3bc) Importer(815301076,1909f56bfc062723c751e8b465ee728b)
Start importing Assets/Scenes using Guid(c3a4cb716499ef843a9180a6674de3bc) Importer(815301076,1909f56bfc062723c751e8b465ee728b)  -> (artifact id: 'ee78e007ec91e5c66b8e1b2b621f7a1b') in 0.008688 seconds
  Import took 0.010388 seconds .

========================================================================
Received Import Request.
  Time since last request: 22.356844 seconds.
  path: Assets/New Terrain Layer.terrainlayer
  artifactKey: Guid(a62e2e59139a501489720d4360b1ba87) Importer(815301076,1909f56bfc062723c751e8b465ee728b)
Start importing Assets/New Terrain Layer.terrainlayer using Guid(a62e2e59139a501489720d4360b1ba87) Importer(815301076,1909f56bfc062723c751e8b465ee728b)  -> (artifact id: '097b47a11b9052bdda002f8b503a308f') in 0.035654 seconds
  Import took 0.037411 seconds .

========================================================================
Received Import Request.
  Time since last request: 95.928421 seconds.
  path: Assets/0002.jpg
  artifactKey: Guid(cf47546042ec79f4294f7c749701f01f) Importer(815301076,1909f56bfc062723c751e8b465ee728b)
Start importing Assets/0002.jpg using Guid(cf47546042ec79f4294f7c749701f01f) Importer(815301076,1909f56bfc062723c751e8b465ee728b)  -> (artifact id: '08d76f19827559dd080fb8ffc3b3c4e7') in 0.024228 seconds
  Import took 0.027457 seconds .

========================================================================
Received Import Request.
  Time since last request: 539.368872 seconds.
  path: Assets/Materials
  artifactKey: Guid(0ec99f0675ce4314f985aa15c4ab36cc) Importer(815301076,1909f56bfc062723c751e8b465ee728b)
Start importing Assets/Materials using Guid(0ec99f0675ce4314f985aa15c4ab36cc) Importer(815301076,1909f56bfc062723c751e8b465ee728b)  -> (artifact id: '8f66eb28e041309231f136f6f970cf18') in 0.007683 seconds
  Import took 0.010448 seconds .

========================================================================
Received Import Request.
  Time since last request: 0.000969 seconds.
  path: Assets/Materials
  artifactKey: Guid(0ec99f0675ce4314f985aa15c4ab36cc) Importer(815301076,1909f56bfc062723c751e8b465ee728b)
Start importing Assets/Materials using Guid(0ec99f0675ce4314f985aa15c4ab36cc) Importer(815301076,1909f56bfc062723c751e8b465ee728b)  -> (artifact id: '8f66eb28e041309231f136f6f970cf18') in 0.003484 seconds
  Import took 0.006096 seconds .

========================================================================
Received Import Request.
  Time since last request: 0.035233 seconds.
  path: Assets/Materials/0001.mat
  artifactKey: Guid(9fe315c062e5d574a8c0e49a00bc04ad) Importer(815301076,1909f56bfc062723c751e8b465ee728b)
Start importing Assets/Materials/0001.mat using Guid(9fe315c062e5d574a8c0e49a00bc04ad) Importer(815301076,1909f56bfc062723c751e8b465ee728b)  -> (artifact id: '4b139321d280efd939ffa925fd5a9f33') in 0.060011 seconds
  Import took 0.062636 seconds .

========================================================================
Received Import Request.
  Time since last request: 6.637897 seconds.
  path: Assets/Materials/New Material.mat
  artifactKey: Guid(ed03b4e1d76d66f4193fa1251ee80314) Importer(815301076,1909f56bfc062723c751e8b465ee728b)
Start importing Assets/Materials/New Material.mat using Guid(ed03b4e1d76d66f4193fa1251ee80314) Importer(815301076,1909f56bfc062723c751e8b465ee728b)  -> (artifact id: '668852a95ee8b78dcbab687362ee244d') in 0.018673 seconds
  Import took 0.020702 seconds .

========================================================================
Received Import Request.
  Time since last request: 4436.142237 seconds.
  path: Assets/Materials/New Material.mat
  artifactKey: Guid(81acf8ecdff707243a0fe3a23a8c4dee) Importer(815301076,1909f56bfc062723c751e8b465ee728b)
Start importing Assets/Materials/New Material.mat using Guid(81acf8ecdff707243a0fe3a23a8c4dee) Importer(815301076,1909f56bfc062723c751e8b465ee728b)  -> (artifact id: '28bd78082126cea41b19b5ff166b4d06') in 0.025787 seconds
  Import took 0.031324 seconds .

========================================================================
Received Import Request.
  Time since last request: 319.882865 seconds.
  path: Assets/Materials/Walls Inside.mat
  artifactKey: Guid(ed03b4e1d76d66f4193fa1251ee80314) Importer(815301076,1909f56bfc062723c751e8b465ee728b)
Start importing Assets/Materials/Walls Inside.mat using Guid(ed03b4e1d76d66f4193fa1251ee80314) Importer(815301076,1909f56bfc062723c751e8b465ee728b)  -> (artifact id: 'c713d2da9f7738da90c078c7df140973') in 0.022999 seconds
  Import took 0.025754 seconds .

========================================================================
Received Import Request.
  Time since last request: 0.000345 seconds.
  path: Assets/Materials/Walls Outside.mat
  artifactKey: Guid(81acf8ecdff707243a0fe3a23a8c4dee) Importer(815301076,1909f56bfc062723c751e8b465ee728b)
Start importing Assets/Materials/Walls Outside.mat using Guid(81acf8ecdff707243a0fe3a23a8c4dee) Importer(815301076,1909f56bfc062723c751e8b465ee728b)  -> (artifact id: 'dc7a912cc66205898f2526b0a472350c') in 0.024049 seconds
  Import took 0.026168 seconds .

========================================================================
Received Import Request.
  Time since last request: 328.091610 seconds.
  path: Assets
  artifactKey: Guid(00000000000000001000000000000000) Importer(815301076,1909f56bfc062723c751e8b465ee728b)
Start importing Assets using Guid(00000000000000001000000000000000) Importer(815301076,1909f56bfc062723c751e8b465ee728b)  -> (artifact id: '4a6e520b92ccfc61bcfa21a7bcab8468') in 0.008354 seconds
  Import took 0.010833 seconds .

========================================================================
Received Import Request.
  Time since last request: 162.704059 seconds.
  path: Packages/com.unity.ide.rider
  artifactKey: Guid(ea5aa18a49e4f29d74984ea0ea11a238) Importer(815301076,1909f56bfc062723c751e8b465ee728b)
Start importing Packages/com.unity.ide.rider using Guid(ea5aa18a49e4f29d74984ea0ea11a238) Importer(815301076,1909f56bfc062723c751e8b465ee728b)  -> (artifact id: 'd76c0b928e4ca4060640b488ee398a99') in 0.009624 seconds
  Import took 0.012157 seconds .

========================================================================
Received Import Request.
  Time since last request: 0.057698 seconds.
  path: Packages/com.unity.ide.rider/package.json
  artifactKey: Guid(66c95bb3c74257f41bae2622511dc02d) Importer(815301076,1909f56bfc062723c751e8b465ee728b)
Start importing Packages/com.unity.ide.rider/package.json using Guid(66c95bb3c74257f41bae2622511dc02d) Importer(815301076,1909f56bfc062723c751e8b465ee728b)  -> (artifact id: '78ca40f4615ab8d7a307f38dca958894') in 0.021618 seconds
  Import took 0.023993 seconds .

========================================================================
Received Import Request.
  Time since last request: 3.856835 seconds.
  path: Packages/com.unity.ext.nunit
  artifactKey: Guid(25a477c2f24db8778a4179421a32cc21) Importer(815301076,1909f56bfc062723c751e8b465ee728b)
Start importing Packages/com.unity.ext.nunit using Guid(25a477c2f24db8778a4179421a32cc21) Importer(815301076,1909f56bfc062723c751e8b465ee728b)  -> (artifact id: 'f7811bf7144accb0b6529384c5356e68') in 0.013025 seconds
  Import took 0.015367 seconds .

========================================================================
Received Import Request.
  Time since last request: 0.039977 seconds.
  path: Packages/com.unity.ext.nunit/package.json
  artifactKey: Guid(8143d3a8390f2c64685e3bc272bd9e90) Importer(815301076,1909f56bfc062723c751e8b465ee728b)
Start importing Packages/com.unity.ext.nunit/package.json using Guid(8143d3a8390f2c64685e3bc272bd9e90) Importer(815301076,1909f56bfc062723c751e8b465ee728b)  -> (artifact id: 'a01048ffe93b3c22a4a91bbd8dd61637') in 0.010916 seconds
  Import took 0.013825 seconds .

========================================================================
Received Import Request.
  Time since last request: 641.961631 seconds.
  path: Assets/Textures
  artifactKey: Guid(75b36d5d14468564b9051102a44740ca) Importer(815301076,1909f56bfc062723c751e8b465ee728b)
Start importing Assets/Textures using Guid(75b36d5d14468564b9051102a44740ca) Importer(815301076,1909f56bfc062723c751e8b465ee728b)  -> (artifact id: '6cfb051df2dc1ea15058d175c68b6215') in 0.011240 seconds
  Import took 0.013839 seconds .

========================================================================
Received Import Request.
  Time since last request: 2.768520 seconds.
  path: Assets/Ground textures pack
  artifactKey: Guid(65bcc82466895634ea33011529b0fedc) Importer(815301076,1909f56bfc062723c751e8b465ee728b)
Start importing Assets/Ground textures pack using Guid(65bcc82466895634ea33011529b0fedc) Importer(815301076,1909f56bfc062723c751e8b465ee728b)  -> (artifact id: 'dde934f1eb0758ecdafaafdc12715939') in 0.008872 seconds
  Import took 0.011013 seconds .

========================================================================
Received Import Request.
  Time since last request: 5.749346 seconds.
  path: Assets/Metal textures pack
  artifactKey: Guid(a9aec455e7829ad4d96b7843843a996c) Importer(815301076,1909f56bfc062723c751e8b465ee728b)
Start importing Assets/Metal textures pack using Guid(a9aec455e7829ad4d96b7843843a996c) Importer(815301076,1909f56bfc062723c751e8b465ee728b)  -> (artifact id: '2fd6ded7292b1cb1600830463e4f8f60') in 0.009288 seconds
  Import took 0.011367 seconds .

========================================================================
Received Import Request.
  Time since last request: 0.000784 seconds.
  path: Assets/Metal textures pack
  artifactKey: Guid(a9aec455e7829ad4d96b7843843a996c) Importer(815301076,1909f56bfc062723c751e8b465ee728b)
Start importing Assets/Metal textures pack using Guid(a9aec455e7829ad4d96b7843843a996c) Importer(815301076,1909f56bfc062723c751e8b465ee728b)  -> (artifact id: '2fd6ded7292b1cb1600830463e4f8f60') in 0.003975 seconds
  Import took 0.006168 seconds .

========================================================================
Received Import Request.
  Time since last request: 10.273551 seconds.
  path: Assets/SampleScenes
  artifactKey: Guid(3d8829ac873af27488b1412b8db301ab) Importer(815301076,1909f56bfc062723c751e8b465ee728b)
Start importing Assets/SampleScenes using Guid(3d8829ac873af27488b1412b8db301ab) Importer(815301076,1909f56bfc062723c751e8b465ee728b)  -> (artifact id: '8c58dcfdfa9fec383d58d2ac6abd2a62') in 0.010178 seconds
  Import took 0.012240 seconds .

========================================================================
Received Import Request.
  Time since last request: 0.000929 seconds.
  path: Assets/SampleScenes
  artifactKey: Guid(3d8829ac873af27488b1412b8db301ab) Importer(815301076,1909f56bfc062723c751e8b465ee728b)
Start importing Assets/SampleScenes using Guid(3d8829ac873af27488b1412b8db301ab) Importer(815301076,1909f56bfc062723c751e8b465ee728b)  -> (artifact id: '8c58dcfdfa9fec383d58d2ac6abd2a62') in 0.004140 seconds
  Import took 0.006126 seconds .

========================================================================
Received Import Request.
  Time since last request: 3.015033 seconds.
  path: Assets/SampleScenes/Scenes
  artifactKey: Guid(26c0bbb8e6792b546bf28bbe08d7c96d) Importer(815301076,1909f56bfc062723c751e8b465ee728b)
Start importing Assets/SampleScenes/Scenes using Guid(26c0bbb8e6792b546bf28bbe08d7c96d) Importer(815301076,1909f56bfc062723c751e8b465ee728b)  -> (artifact id: '9a6f907aa3d2ddc155b484d36d006861') in 0.007969 seconds
  Import took 0.009965 seconds .

========================================================================
Received Import Request.
  Time since last request: 0.001125 seconds.
  path: Assets/SampleScenes/Scenes
  artifactKey: Guid(26c0bbb8e6792b546bf28bbe08d7c96d) Importer(815301076,1909f56bfc062723c751e8b465ee728b)
Start importing Assets/SampleScenes/Scenes using Guid(26c0bbb8e6792b546bf28bbe08d7c96d) Importer(815301076,1909f56bfc062723c751e8b465ee728b)  -> (artifact id: '9a6f907aa3d2ddc155b484d36d006861') in 0.004376 seconds
  Import took 0.006914 seconds .

========================================================================
Received Import Request.
  Time since last request: 8.522448 seconds.
  path: Assets/Standard Assets
  artifactKey: Guid(c6195a43a0187a34e9c6be23520d3766) Importer(815301076,1909f56bfc062723c751e8b465ee728b)
Start importing Assets/Standard Assets using Guid(c6195a43a0187a34e9c6be23520d3766) Importer(815301076,1909f56bfc062723c751e8b465ee728b)  -> (artifact id: '699c39d25552c0d1b1956dc171ff4068') in 0.011094 seconds
  Import took 0.014005 seconds .

========================================================================
Received Import Request.
  Time since last request: 23.714965 seconds.
  path: Assets/Standard Assets/Characters
  artifactKey: Guid(8c32f58513a41ef4dab9cb7704c5fb92) Importer(815301076,1909f56bfc062723c751e8b465ee728b)
Start importing Assets/Standard Assets/Characters using Guid(8c32f58513a41ef4dab9cb7704c5fb92) Importer(815301076,1909f56bfc062723c751e8b465ee728b)  -> (artifact id: '549645b93fd326e82bf6875c77ef6a70') in 0.008830 seconds
  Import took 0.010964 seconds .

========================================================================
Received Import Request.
  Time since last request: 1.513113 seconds.
  path: Assets/Standard Assets/Characters/FirstPersonCharacter
  artifactKey: Guid(943e057eaae705e43b9e9b2e53d6adb0) Importer(815301076,1909f56bfc062723c751e8b465ee728b)
Start importing Assets/Standard Assets/Characters/FirstPersonCharacter using Guid(943e057eaae705e43b9e9b2e53d6adb0) Importer(815301076,1909f56bfc062723c751e8b465ee728b)  -> (artifact id: 'd7d639c44fe50b5df1f3647d5e17ad01') in 0.009296 seconds
  Import took 0.011107 seconds .

========================================================================
Received Import Request.
  Time since last request: 0.000644 seconds.
  path: Assets/Standard Assets/Characters/FirstPersonCharacter
  artifactKey: Guid(943e057eaae705e43b9e9b2e53d6adb0) Importer(815301076,1909f56bfc062723c751e8b465ee728b)
Start importing Assets/Standard Assets/Characters/FirstPersonCharacter using Guid(943e057eaae705e43b9e9b2e53d6adb0) Importer(815301076,1909f56bfc062723c751e8b465ee728b)  -> (artifact id: 'd7d639c44fe50b5df1f3647d5e17ad01') in 0.004285 seconds
  Import took 0.006176 seconds .

========================================================================
Received Import Request.
  Time since last request: 36.604529 seconds.
  path: Assets/Standard Assets/Characters/FirstPersonCharacter/Prefabs
  artifactKey: Guid(0bfb2599080d5d24e84362b4ae314ae7) Importer(815301076,1909f56bfc062723c751e8b465ee728b)
Start importing Assets/Standard Assets/Characters/FirstPersonCharacter/Prefabs using Guid(0bfb2599080d5d24e84362b4ae314ae7) Importer(815301076,1909f56bfc062723c751e8b465ee728b)  -> (artifact id: 'e8bf834511022a63e724010d064bb5ba') in 0.010327 seconds
  Import took 0.013236 seconds .

========================================================================
Received Import Request.
  Time since last request: 0.001103 seconds.
  path: Assets/Standard Assets/Characters/FirstPersonCharacter/Prefabs
  artifactKey: Guid(0bfb2599080d5d24e84362b4ae314ae7) Importer(815301076,1909f56bfc062723c751e8b465ee728b)
Start importing Assets/Standard Assets/Characters/FirstPersonCharacter/Prefabs using Guid(0bfb2599080d5d24e84362b4ae314ae7) Importer(815301076,1909f56bfc062723c751e8b465ee728b)  -> (artifact id: 'e8bf834511022a63e724010d064bb5ba') in 0.003909 seconds
  Import took 0.005940 seconds .

========================================================================
Received Import Request.
  Time since last request: 0.052519 seconds.
  path: Assets/Standard Assets/Characters/FirstPersonCharacter/Prefabs/FPSController.prefab
  artifactKey: Guid(5e9e851c0e142814dac026a256ba2ac0) Importer(815301076,1909f56bfc062723c751e8b465ee728b)
Start importing Assets/Standard Assets/Characters/FirstPersonCharacter/Prefabs/FPSController.prefab using Guid(5e9e851c0e142814dac026a256ba2ac0) Importer(815301076,1909f56bfc062723c751e8b465ee728b)  -> (artifact id: 'e01ca3dcbc454863f76c1d76f9a9a03f') in 0.047368 seconds
  Import took 0.049707 seconds .

========================================================================
Received Import Request.
  Time since last request: 0.000409 seconds.
  path: Assets/Standard Assets/Characters/FirstPersonCharacter/Prefabs/RigidBodyFPSController.prefab
  artifactKey: Guid(c6453f8e1f814744d8b94e5a6d1f9942) Importer(815301076,1909f56bfc062723c751e8b465ee728b)
Start importing Assets/Standard Assets/Characters/FirstPersonCharacter/Prefabs/RigidBodyFPSController.prefab using Guid(c6453f8e1f814744d8b94e5a6d1f9942) Importer(815301076,1909f56bfc062723c751e8b465ee728b)  -> (artifact id: '36fde7033a13a6c8783291cd20b4b922') in 0.012171 seconds
  Import took 0.014520 seconds .

========================================================================
Received Import Request.
  Time since last request: 279.635656 seconds.
  path: Assets/Standard Assets/Utility/ForcedReset1.cs
  artifactKey: Guid(baf56a7314f00e7469d889490d9d4468) Importer(815301076,1909f56bfc062723c751e8b465ee728b)
Start importing Assets/Standard Assets/Utility/ForcedReset1.cs using Guid(baf56a7314f00e7469d889490d9d4468) Importer(815301076,1909f56bfc062723c751e8b465ee728b)  -> (artifact id: 'd52864c898f09aa9e0cb175ca3eeb497') in 0.016816 seconds
  Import took 0.018954 seconds .

========================================================================
Received Import Request.
  Time since last request: 11.313519 seconds.
  path: Assets/Standard Assets/Utility/FPSCounter1.cs
  artifactKey: Guid(b3764ec5b8ff9c94090e37a98c1efeba) Importer(815301076,1909f56bfc062723c751e8b465ee728b)
Start importing Assets/Standard Assets/Utility/FPSCounter1.cs using Guid(b3764ec5b8ff9c94090e37a98c1efeba) Importer(815301076,1909f56bfc062723c751e8b465ee728b)  -> (artifact id: 'd8036c1b7fb8dd51c0ed1b2460d3c54f') in 0.009002 seconds
  Import took 0.010905 seconds .

========================================================================
Received Import Request.
  Time since last request: 5.787474 seconds.
  path: Assets/Standard Assets/Utility/SimpleActivatorMenu1.cs
  artifactKey: Guid(fe3b3dcb480eed541892b0e0d29696ca) Importer(815301076,1909f56bfc062723c751e8b465ee728b)
Start importing Assets/Standard Assets/Utility/SimpleActivatorMenu1.cs using Guid(fe3b3dcb480eed541892b0e0d29696ca) Importer(815301076,1909f56bfc062723c751e8b465ee728b)  -> (artifact id: 'f8967b652ff044bb44837279af3758d1') in 0.010564 seconds
  Import took 0.012420 seconds .

========================================================================
Received Prepare
Registering precompiled user dll's ...
Registered in 0.000970 seconds.
Begin MonoManager ReloadAssembly
Native extension for WindowsStandalone target not found
Refreshing native plugins compatible for Editor in 0.32 ms, found 0 plugins.
Preloading 0 native plugins for Editor in 0.00 ms.
[ScriptCompilation] NOT recompiling all scripts because this is an import worker process. Reason to compile was: Define symbols changed
Invoked RoslynAnalysisRunner static constructor.
RoslynAnalysisRunner will not be running.
RoslynAnalysisRunner has terminated.
Mono: successfully reloaded assembly
- Completed reload, in  0.828 seconds
Platform modules already initialized, skipping
Refreshing native plugins compatible for Editor in 0.28 ms, found 0 plugins.
Preloading 0 native plugins for Editor in 0.00 ms.
Unloading 1225 Unused Serialized files (Serialized files now loaded: 0)
System memory in use before: 71.4 MB.
System memory in use after: 67.5 MB.

Unloading 26 unused Assets to reduce memory usage. Loaded Objects now: 1701.
Total: 3.986300 ms (FindLiveObjects: 0.145800 ms CreateObjectMapping: 0.037000 ms MarkObjects: 1.352500 ms  DeleteObjects: 2.450000 ms)

========================================================================
Received Import Request.
  Time since last request: 110.634626 seconds.
  path: Assets/Standard Assets/Characters/FirstPersonCharacter/Prefabs/FPSController.prefab
  artifactKey: Guid(5e9e851c0e142814dac026a256ba2ac0) Importer(815301076,1909f56bfc062723c751e8b465ee728b)
Start importing Assets/Standard Assets/Characters/FirstPersonCharacter/Prefabs/FPSController.prefab using Guid(5e9e851c0e142814dac026a256ba2ac0) Importer(815301076,1909f56bfc062723c751e8b465ee728b)  -> (artifact id: '076f1e2672b8e23c2d88fce239f98754') in 0.029368 seconds
  Import took 0.031776 seconds .

========================================================================
Received Import Request.
  Time since last request: 0.000363 seconds.
  path: Assets/Standard Assets/Characters/FirstPersonCharacter/Prefabs/RigidBodyFPSController.prefab
  artifactKey: Guid(c6453f8e1f814744d8b94e5a6d1f9942) Importer(815301076,1909f56bfc062723c751e8b465ee728b)
Start importing Assets/Standard Assets/Characters/FirstPersonCharacter/Prefabs/RigidBodyFPSController.prefab using Guid(c6453f8e1f814744d8b94e5a6d1f9942) Importer(815301076,1909f56bfc062723c751e8b465ee728b)  -> (artifact id: 'b08f354b69cd4e330622c0d35ff6606a') in 0.006643 seconds
  Import took 0.008779 seconds .

========================================================================
Received Prepare
Registering precompiled user dll's ...
Registered in 0.001427 seconds.
Begin MonoManager ReloadAssembly
Native extension for WindowsStandalone target not found
Refreshing native plugins compatible for Editor in 0.37 ms, found 0 plugins.
Preloading 0 native plugins for Editor in 0.00 ms.
Invoked RoslynAnalysisRunner static constructor.
RoslynAnalysisRunner will not be running.
RoslynAnalysisRunner has terminated.
Mono: successfully reloaded assembly
- Completed reload, in  0.962 seconds
Platform modules already initialized, skipping
Refreshing native plugins compatible for Editor in 0.29 ms, found 0 plugins.
Preloading 0 native plugins for Editor in 0.00 ms.
Unloading 1224 Unused Serialized files (Serialized files now loaded: 0)
System memory in use before: 71.5 MB.
System memory in use after: 67.5 MB.

Unloading 26 unused Assets to reduce memory usage. Loaded Objects now: 1703.
Total: 4.835300 ms (FindLiveObjects: 0.450600 ms CreateObjectMapping: 0.073200 ms MarkObjects: 1.511500 ms  DeleteObjects: 2.798500 ms)

========================================================================
Received Prepare
Registering precompiled user dll's ...
Registered in 0.001605 seconds.
Begin MonoManager ReloadAssembly
Native extension for WindowsStandalone target not found
Refreshing native plugins compatible for Editor in 0.29 ms, found 0 plugins.
Preloading 0 native plugins for Editor in 0.00 ms.
Invoked RoslynAnalysisRunner static constructor.
RoslynAnalysisRunner will not be running.
RoslynAnalysisRunner has terminated.
Mono: successfully reloaded assembly
- Completed reload, in  0.871 seconds
Platform modules already initialized, skipping
Refreshing native plugins compatible for Editor in 0.39 ms, found 0 plugins.
Preloading 0 native plugins for Editor in 0.00 ms.
Unloading 1224 Unused Serialized files (Serialized files now loaded: 0)
System memory in use before: 71.6 MB.
System memory in use after: 67.6 MB.

Unloading 26 unused Assets to reduce memory usage. Loaded Objects now: 1705.
Total: 4.730700 ms (FindLiveObjects: 0.199800 ms CreateObjectMapping: 0.046500 ms MarkObjects: 1.556800 ms  DeleteObjects: 2.926300 ms)

========================================================================
Received Import Request.
  Time since last request: 292.667493 seconds.
  path: Assets/Standard Assets/Characters/FirstPersonCharacter/Prefabs/FPSController.prefab
  artifactKey: Guid(5e9e851c0e142814dac026a256ba2ac0) Importer(815301076,1909f56bfc062723c751e8b465ee728b)
Start importing Assets/Standard Assets/Characters/FirstPersonCharacter/Prefabs/FPSController.prefab using Guid(5e9e851c0e142814dac026a256ba2ac0) Importer(815301076,1909f56bfc062723c751e8b465ee728b)  -> (artifact id: '5318346e9a6c131daf9c4ea0f252d352') in 0.024926 seconds
  Import took 0.027571 seconds .

========================================================================
Received Import Request.
  Time since last request: 0.547429 seconds.
  path: Assets/Standard Assets/Characters/FirstPersonCharacter/Prefabs/FPSController.prefab
  artifactKey: Guid(5e9e851c0e142814dac026a256ba2ac0) Importer(815301076,1909f56bfc062723c751e8b465ee728b)
Start importing Assets/Standard Assets/Characters/FirstPersonCharacter/Prefabs/FPSController.prefab using Guid(5e9e851c0e142814dac026a256ba2ac0) Importer(815301076,1909f56bfc062723c751e8b465ee728b)  -> (artifact id: 'c7597a8f9982a5203e825e8350239bf4') in 0.006377 seconds
  Import took 0.009496 seconds .

========================================================================
Received Prepare
Registering precompiled user dll's ...
Registered in 0.001145 seconds.
Begin MonoManager ReloadAssembly
Native extension for WindowsStandalone target not found
Refreshing native plugins compatible for Editor in 0.37 ms, found 0 plugins.
Preloading 0 native plugins for Editor in 0.00 ms.
Invoked RoslynAnalysisRunner static constructor.
RoslynAnalysisRunner will not be running.
RoslynAnalysisRunner has terminated.
Mono: successfully reloaded assembly
- Completed reload, in  0.831 seconds
Platform modules already initialized, skipping
Refreshing native plugins compatible for Editor in 0.38 ms, found 0 plugins.
Preloading 0 native plugins for Editor in 0.00 ms.
Unloading 1224 Unused Serialized files (Serialized files now loaded: 0)
System memory in use before: 71.7 MB.
System memory in use after: 67.7 MB.

Unloading 26 unused Assets to reduce memory usage. Loaded Objects now: 1707.
Total: 4.033600 ms (FindLiveObjects: 0.145600 ms CreateObjectMapping: 0.036300 ms MarkObjects: 1.412800 ms  DeleteObjects: 2.438000 ms)

========================================================================
Received Prepare
Registering precompiled user dll's ...
Registered in 0.000890 seconds.
Begin MonoManager ReloadAssembly
Native extension for WindowsStandalone target not found
Refreshing native plugins compatible for Editor in 0.28 ms, found 0 plugins.
Preloading 0 native plugins for Editor in 0.00 ms.
Invoked RoslynAnalysisRunner static constructor.
RoslynAnalysisRunner will not be running.
RoslynAnalysisRunner has terminated.
Mono: successfully reloaded assembly
- Completed reload, in  0.830 seconds
Platform modules already initialized, skipping
Refreshing native plugins compatible for Editor in 0.28 ms, found 0 plugins.
Preloading 0 native plugins for Editor in 0.00 ms.
Unloading 1224 Unused Serialized files (Serialized files now loaded: 0)
System memory in use before: 71.8 MB.
System memory in use after: 67.8 MB.

Unloading 26 unused Assets to reduce memory usage. Loaded Objects now: 1709.
Total: 4.371200 ms (FindLiveObjects: 0.183100 ms CreateObjectMapping: 0.050400 ms MarkObjects: 1.483700 ms  DeleteObjects: 2.652900 ms)

========================================================================
Received Prepare
Registering precompiled user dll's ...
Registered in 0.000854 seconds.
Begin MonoManager ReloadAssembly
Native extension for WindowsStandalone target not found
Refreshing native plugins compatible for Editor in 0.28 ms, found 0 plugins.
Preloading 0 native plugins for Editor in 0.00 ms.
Invoked RoslynAnalysisRunner static constructor.
RoslynAnalysisRunner will not be running.
RoslynAnalysisRunner has terminated.
Mono: successfully reloaded assembly
- Completed reload, in  0.749 seconds
Platform modules already initialized, skipping
Refreshing native plugins compatible for Editor in 0.35 ms, found 0 plugins.
Preloading 0 native plugins for Editor in 0.00 ms.
Unloading 1224 Unused Serialized files (Serialized files now loaded: 0)
System memory in use before: 71.8 MB.
System memory in use after: 67.9 MB.

Unloading 26 unused Assets to reduce memory usage. Loaded Objects now: 1711.
Total: 4.649700 ms (FindLiveObjects: 0.268700 ms CreateObjectMapping: 0.061400 ms MarkObjects: 1.526800 ms  DeleteObjects: 2.791800 ms)

========================================================================
Received Prepare
Registering precompiled user dll's ...
Registered in 0.000892 seconds.
Begin MonoManager ReloadAssembly
Native extension for WindowsStandalone target not found
Refreshing native plugins compatible for Editor in 0.27 ms, found 0 plugins.
Preloading 0 native plugins for Editor in 0.00 ms.
Invoked RoslynAnalysisRunner static constructor.
RoslynAnalysisRunner will not be running.
RoslynAnalysisRunner has terminated.
Mono: successfully reloaded assembly
- Completed reload, in  0.748 seconds
Platform modules already initialized, skipping
Refreshing native plugins compatible for Editor in 0.29 ms, found 0 plugins.
Preloading 0 native plugins for Editor in 0.00 ms.
Unloading 1224 Unused Serialized files (Serialized files now loaded: 0)
System memory in use before: 72.0 MB.
System memory in use after: 68.0 MB.

Unloading 26 unused Assets to reduce memory usage. Loaded Objects now: 1713.
Total: 4.225200 ms (FindLiveObjects: 0.138300 ms CreateObjectMapping: 0.036600 ms MarkObjects: 1.457500 ms  DeleteObjects: 2.591900 ms)

========================================================================
Received Prepare
Registering precompiled user dll's ...
Registered in 0.000939 seconds.
Begin MonoManager ReloadAssembly
Native extension for WindowsStandalone target not found
Refreshing native plugins compatible for Editor in 0.28 ms, found 0 plugins.
Preloading 0 native plugins for Editor in 0.00 ms.
Invoked RoslynAnalysisRunner static constructor.
RoslynAnalysisRunner will not be running.
RoslynAnalysisRunner has terminated.
Mono: successfully reloaded assembly
- Completed reload, in  0.750 seconds
Platform modules already initialized, skipping
Refreshing native plugins compatible for Editor in 0.36 ms, found 0 plugins.
Preloading 0 native plugins for Editor in 0.00 ms.
Unloading 1224 Unused Serialized files (Serialized files now loaded: 0)
System memory in use before: 72.0 MB.
System memory in use after: 68.1 MB.

Unloading 26 unused Assets to reduce memory usage. Loaded Objects now: 1715.
Total: 4.753100 ms (FindLiveObjects: 0.181600 ms CreateObjectMapping: 0.042400 ms MarkObjects: 1.540600 ms  DeleteObjects: 2.985800 ms)

========================================================================
Received Prepare
Registering precompiled user dll's ...
Registered in 0.001028 seconds.
Begin MonoManager ReloadAssembly
Native extension for WindowsStandalone target not found
Refreshing native plugins compatible for Editor in 0.28 ms, found 0 plugins.
Preloading 0 native plugins for Editor in 0.00 ms.
Invoked RoslynAnalysisRunner static constructor.
RoslynAnalysisRunner will not be running.
RoslynAnalysisRunner has terminated.
Mono: successfully reloaded assembly
- Completed reload, in  0.715 seconds
Platform modules already initialized, skipping
Refreshing native plugins compatible for Editor in 0.27 ms, found 0 plugins.
Preloading 0 native plugins for Editor in 0.00 ms.
Unloading 1224 Unused Serialized files (Serialized files now loaded: 0)
System memory in use before: 72.1 MB.
System memory in use after: 68.1 MB.

Unloading 26 unused Assets to reduce memory usage. Loaded Objects now: 1717.
Total: 4.226700 ms (FindLiveObjects: 0.138400 ms CreateObjectMapping: 0.066200 ms MarkObjects: 1.497300 ms  DeleteObjects: 2.523800 ms)

========================================================================
Received Prepare
Registering precompiled user dll's ...
Registered in 0.001153 seconds.
Begin MonoManager ReloadAssembly
Native extension for WindowsStandalone target not found
Refreshing native plugins compatible for Editor in 0.28 ms, found 0 plugins.
Preloading 0 native plugins for Editor in 0.00 ms.
Invoked RoslynAnalysisRunner static constructor.
RoslynAnalysisRunner will not be running.
RoslynAnalysisRunner has terminated.
Mono: successfully reloaded assembly
- Completed reload, in  0.751 seconds
Platform modules already initialized, skipping
Refreshing native plugins compatible for Editor in 0.31 ms, found 0 plugins.
Preloading 0 native plugins for Editor in 0.00 ms.
Unloading 1224 Unused Serialized files (Serialized files now loaded: 0)
System memory in use before: 72.2 MB.
System memory in use after: 68.2 MB.

Unloading 26 unused Assets to reduce memory usage. Loaded Objects now: 1719.
Total: 8.283200 ms (FindLiveObjects: 0.224400 ms CreateObjectMapping: 0.082800 ms MarkObjects: 3.300000 ms  DeleteObjects: 4.674000 ms)

========================================================================
Received Prepare
Registering precompiled user dll's ...
Registered in 0.000890 seconds.
Begin MonoManager ReloadAssembly
Native extension for WindowsStandalone target not found
Refreshing native plugins compatible for Editor in 0.29 ms, found 0 plugins.
Preloading 0 native plugins for Editor in 0.00 ms.
Invoked RoslynAnalysisRunner static constructor.
RoslynAnalysisRunner will not be running.
RoslynAnalysisRunner has terminated.
Mono: successfully reloaded assembly
- Completed reload, in  0.989 seconds
Platform modules already initialized, skipping
Refreshing native plugins compatible for Editor in 0.45 ms, found 0 plugins.
Preloading 0 native plugins for Editor in 0.00 ms.
Unloading 1224 Unused Serialized files (Serialized files now loaded: 0)
System memory in use before: 72.3 MB.
System memory in use after: 68.3 MB.

Unloading 26 unused Assets to reduce memory usage. Loaded Objects now: 1721.
Total: 5.549400 ms (FindLiveObjects: 0.259100 ms CreateObjectMapping: 0.100400 ms MarkObjects: 2.229200 ms  DeleteObjects: 2.959300 ms)

========================================================================
Received Prepare
Registering precompiled user dll's ...
Registered in 0.001010 seconds.
Begin MonoManager ReloadAssembly
Native extension for WindowsStandalone target not found
Refreshing native plugins compatible for Editor in 0.34 ms, found 0 plugins.
Preloading 0 native plugins for Editor in 0.00 ms.
Invoked RoslynAnalysisRunner static constructor.
RoslynAnalysisRunner will not be running.
RoslynAnalysisRunner has terminated.
Mono: successfully reloaded assembly
- Completed reload, in  1.045 seconds
Platform modules already initialized, skipping
Refreshing native plugins compatible for Editor in 0.32 ms, found 0 plugins.
Preloading 0 native plugins for Editor in 0.00 ms.
Unloading 1224 Unused Serialized files (Serialized files now loaded: 0)
System memory in use before: 72.4 MB.
System memory in use after: 68.4 MB.

Unloading 26 unused Assets to reduce memory usage. Loaded Objects now: 1723.
Total: 4.792500 ms (FindLiveObjects: 0.168500 ms CreateObjectMapping: 0.038800 ms MarkObjects: 1.485800 ms  DeleteObjects: 3.097700 ms)

========================================================================
Received Prepare
Registering precompiled user dll's ...
Registered in 0.000951 seconds.
Begin MonoManager ReloadAssembly
Native extension for WindowsStandalone target not found
Refreshing native plugins compatible for Editor in 0.63 ms, found 0 plugins.
Preloading 0 native plugins for Editor in 0.00 ms.
Invoked RoslynAnalysisRunner static constructor.
RoslynAnalysisRunner will not be running.
RoslynAnalysisRunner has terminated.
Mono: successfully reloaded assembly
- Completed reload, in  0.833 seconds
Platform modules already initialized, skipping
Refreshing native plugins compatible for Editor in 0.34 ms, found 0 plugins.
Preloading 0 native plugins for Editor in 0.00 ms.
Unloading 1224 Unused Serialized files (Serialized files now loaded: 0)
System memory in use before: 72.4 MB.
System memory in use after: 68.5 MB.

Unloading 26 unused Assets to reduce memory usage. Loaded Objects now: 1725.
Total: 4.811000 ms (FindLiveObjects: 0.277400 ms CreateObjectMapping: 0.085500 ms MarkObjects: 1.409700 ms  DeleteObjects: 3.037000 ms)

========================================================================
Received Prepare
Registering precompiled user dll's ...
Registered in 0.055949 seconds.
Begin MonoManager ReloadAssembly
Native extension for WindowsStandalone target not found
Refreshing native plugins compatible for Editor in 0.75 ms, found 0 plugins.
Preloading 0 native plugins for Editor in 0.00 ms.
Invoked RoslynAnalysisRunner static constructor.
RoslynAnalysisRunner will not be running.
RoslynAnalysisRunner has terminated.
Mono: successfully reloaded assembly
- Completed reload, in  3.981 seconds
Platform modules already initialized, skipping
Refreshing native plugins compatible for Editor in 0.34 ms, found 0 plugins.
Preloading 0 native plugins for Editor in 0.00 ms.
Unloading 1224 Unused Serialized files (Serialized files now loaded: 0)
System memory in use before: 72.5 MB.
System memory in use after: 68.6 MB.

Unloading 26 unused Assets to reduce memory usage. Loaded Objects now: 1727.
Total: 5.063300 ms (FindLiveObjects: 0.206900 ms CreateObjectMapping: 0.041900 ms MarkObjects: 1.561400 ms  DeleteObjects: 3.251700 ms)

========================================================================
Received Prepare
Registering precompiled user dll's ...
Registered in 0.000895 seconds.
Begin MonoManager ReloadAssembly
Native extension for WindowsStandalone target not found
Refreshing native plugins compatible for Editor in 0.28 ms, found 0 plugins.
Preloading 0 native plugins for Editor in 0.00 ms.
Invoked RoslynAnalysisRunner static constructor.
RoslynAnalysisRunner will not be running.
RoslynAnalysisRunner has terminated.
Mono: successfully reloaded assembly
- Completed reload, in  0.868 seconds
Platform modules already initialized, skipping
Refreshing native plugins compatible for Editor in 0.50 ms, found 0 plugins.
Preloading 0 native plugins for Editor in 0.00 ms.
Unloading 1224 Unused Serialized files (Serialized files now loaded: 0)
System memory in use before: 72.6 MB.
System memory in use after: 68.7 MB.

Unloading 26 unused Assets to reduce memory usage. Loaded Objects now: 1729.
Total: 5.056400 ms (FindLiveObjects: 0.234700 ms CreateObjectMapping: 0.088600 ms MarkObjects: 1.742400 ms  DeleteObjects: 2.989400 ms)

AssetImportWorkerClient::OnTransportError - code=2 error=End of file
